<?xml version="1.0" encoding="UTF-8"?>
<!-- Generated by org.testng.reporters.JUnitReportReporter -->
<testsuite hostname="YogeshPatil" name="com.myntra.testframework.testcases.LoginPageTestCases" tests="3" failures="0" timestamp="12 Jun 2018 14:29:22 GMT" time="17.864" errors="0">
  <testcase name="checkLoginSignUpLink" time="13.079" classname="com.myntra.testframework.testcases.LoginPageTestCases"/>
  <testcase name="chechLoginButton" time="4.700" classname="com.myntra.testframework.testcases.LoginPageTestCases"/>
  <testcase name="checkYourAccountLink" time="0.085" classname="com.myntra.testframework.testcases.LoginPageTestCases"/>
</testsuite> <!-- com.myntra.testframework.testcases.LoginPageTestCases -->
