<?xml version="1.0" encoding="UTF-8"?>
<!-- Generated by org.testng.reporters.JUnitReportReporter -->
<testsuite hostname="YogeshPatil" name="com.myntra.testframework.testcases.HomePageTestCases" tests="1" failures="0" timestamp="12 Jun 2018 14:29:23 GMT" time="11.139" errors="0">
  <testcase name="tabsPresentOrNot" time="11.139" classname="com.myntra.testframework.testcases.HomePageTestCases"/>
</testsuite> <!-- com.myntra.testframework.testcases.HomePageTestCases -->
